
> cancer-treatment-chatbot-client@0.1.0 start
> craco start

[HPM] Proxy created: /  -> http://10.10.10.103:3001
[HPM] Proxy rewrite rule created: "^/api" ~> "/api"
(node:2708661) [DEP_WEBPACK_DEV_SERVER_ON_AFTER_SETUP_MIDDLEWARE] DeprecationWarning: 'onAfterSetupMiddleware' option is deprecated. Please use the 'setupMiddlewares' option.
(Use `node --trace-deprecation ...` to show where the warning was created)
(node:2708661) [DEP_WEBPACK_DEV_SERVER_ON_BEFORE_SETUP_MIDDLEWARE] DeprecationWarning: 'onBeforeSetupMiddleware' option is deprecated. Please use the 'setupMiddlewares' option.
Starting the development server...

Compiled successfully!

You can now view cancer-treatment-chatbot-client in the browser.

  Local:            http://localhost:3000
  On Your Network:  http://10.10.10.103:3000

Note that the development build is not optimized.
To create a production build, use npm run build.

webpack compiled successfully
Proxy error: Could not proxy request /main.a4946d5ae27cb07261a9.hot-update.json from localhost:3000 to http://localhost:3001.
See https://nodejs.org/api/errors.html#errors_common_system_errors for more information (ECONNREFUSED).

Compiling...
Compiled with warnings.

[eslint] 
src/components/ChatInterface.js
  Line 2:8:  'axios' is defined but never used  no-unused-vars

Search for the keywords to learn more about each warning.
To ignore, add // eslint-disable-next-line to the line before.

WARNING in [eslint] 
src/components/ChatInterface.js
  Line 2:8:  'axios' is defined but never used  no-unused-vars

webpack compiled with 1 warning
Compiling...
Compiled with warnings.

[eslint] 
src/components/ChatInterface.js
  Line 2:8:  'axios' is defined but never used  no-unused-vars

Search for the keywords to learn more about each warning.
To ignore, add // eslint-disable-next-line to the line before.

WARNING in [eslint] 
src/components/ChatInterface.js
  Line 2:8:  'axios' is defined but never used  no-unused-vars

webpack compiled with 1 warning
Compiling...
Compiled with warnings.

[eslint] 
src/components/ChatInterface.js
  Line 2:8:  'axios' is defined but never used  no-unused-vars

Search for the keywords to learn more about each warning.
To ignore, add // eslint-disable-next-line to the line before.

WARNING in [eslint] 
src/components/ChatInterface.js
  Line 2:8:  'axios' is defined but never used  no-unused-vars

webpack compiled with 1 warning
Compiling...
Compiled with warnings.

[eslint] 
src/App.js
  Line 7:10:    'setHighlight' is defined but never used                                                                                no-unused-vars
  Line 33:6:    React Hook useEffect has a missing dependency: 'loadOrCreateSession'. Either include it or remove the dependency array  react-hooks/exhaustive-deps
  Line 161:13:  'sessionHistory' is assigned a value but never used                                                                     no-unused-vars
  Line 178:15:  'newSessionId' is assigned a value but never used                                                                       no-unused-vars

src/components/ChatInterface.js
  Line 2:8:  'axios' is defined but never used  no-unused-vars

Search for the keywords to learn more about each warning.
To ignore, add // eslint-disable-next-line to the line before.

WARNING in [eslint] 
src/App.js
  Line 7:10:    'setHighlight' is defined but never used                                                                                no-unused-vars
  Line 33:6:    React Hook useEffect has a missing dependency: 'loadOrCreateSession'. Either include it or remove the dependency array  react-hooks/exhaustive-deps
  Line 161:13:  'sessionHistory' is assigned a value but never used                                                                     no-unused-vars
  Line 178:15:  'newSessionId' is assigned a value but never used                                                                       no-unused-vars

src/components/ChatInterface.js
  Line 2:8:  'axios' is defined but never used  no-unused-vars

webpack compiled with 1 warning
