
> cancer-treatment-chatbot-client@0.1.0 start
> craco start

[HPM] Proxy created: /  -> http://10.10.10.103:3001
[HPM] Proxy rewrite rule created: "^/api" ~> "/api"
(node:2795815) [DEP_WEBPACK_DEV_SERVER_ON_AFTER_SETUP_MIDDLEWARE] DeprecationWarning: 'onAfterSetupMiddleware' option is deprecated. Please use the 'setupMiddlewares' option.
(Use `node --trace-deprecation ...` to show where the warning was created)
(node:2795815) [DEP_WEBPACK_DEV_SERVER_ON_BEFORE_SETUP_MIDDLEWARE] DeprecationWarning: 'onBeforeSetupMiddleware' option is deprecated. Please use the 'setupMiddlewares' option.
Starting the development server...

Compiled with warnings.

[eslint] 
src/components/ChatInterface.js
  Line 195:6:  React Hook useEffect has a missing dependency: 'fetchSuggestedQuestions'. Either include it or remove the dependency array  react-hooks/exhaustive-deps

Search for the keywords to learn more about each warning.
To ignore, add // eslint-disable-next-line to the line before.

WARNING in [eslint] 
src/components/ChatInterface.js
  Line 195:6:  React Hook useEffect has a missing dependency: 'fetchSuggestedQuestions'. Either include it or remove the dependency array  react-hooks/exhaustive-deps

webpack compiled with 1 warning
Proxy error: Could not proxy request /main.e2c7898483f6bcb2a6a5.hot-update.json from localhost:3000 to http://localhost:3001.
See https://nodejs.org/api/errors.html#errors_common_system_errors for more information (ECONNREFUSED).

